This is pdfTeX, Version 3.141592653-2.6-1.40.25 (TeX Live 2023) (preloaded format=pdflatex 2023.8.21)  15 MAY 2025 18:52
entering extended mode
 restricted \write18 enabled.
 file:line:error style messages enabled.
 %&-line parsing enabled.
**/Users/ziangniu/Documents/Projects/AdaInf/AdaInf-manuscript/manuscript/AdaInf-manuscript
(/Users/ziangniu/Documents/Projects/AdaInf/AdaInf-manuscript/manuscript/AdaInf-manuscript.tex
LaTeX2e <2022-11-01> patch level 1
L3 programming layer <2023-02-22> (/usr/local/texlive/2023/texmf-dist/tex/latex/base/article.cls
Document Class: article 2022/07/02 v1.4n Standard LaTeX document class
(/usr/local/texlive/2023/texmf-dist/tex/latex/base/size12.clo
File: size12.clo 2022/07/02 v1.4n Standard LaTeX file (size option)
)
\c@part=\count185
\c@section=\count186
\c@subsection=\count187
\c@subsubsection=\count188
\c@paragraph=\count189
\c@subparagraph=\count190
\c@figure=\count191
\c@table=\count192
\abovecaptionskip=\skip48
\belowcaptionskip=\skip49
\bibindent=\dimen140
) (/usr/local/texlive/2023/texmf-dist/tex/latex/geometry/geometry.sty
Package: geometry 2020/01/02 v5.9 Page Geometry
 (/usr/local/texlive/2023/texmf-dist/tex/latex/graphics/keyval.sty
Package: keyval 2022/05/29 v1.15 key=value parser (DPC)
\KV@toks@=\toks16
) (/usr/local/texlive/2023/texmf-dist/tex/generic/iftex/ifvtex.sty
Package: ifvtex 2019/10/25 v1.7 ifvtex legacy package. Use iftex instead.
 (/usr/local/texlive/2023/texmf-dist/tex/generic/iftex/iftex.sty
Package: iftex 2022/02/03 v1.0f TeX engine tests
))
\Gm@cnth=\count193
\Gm@cntv=\count194
\c@Gm@tempcnt=\count195
\Gm@bindingoffset=\dimen141
\Gm@wd@mp=\dimen142
\Gm@odd@mp=\dimen143
\Gm@even@mp=\dimen144
\Gm@layoutwidth=\dimen145
\Gm@layoutheight=\dimen146
\Gm@layouthoffset=\dimen147
\Gm@layoutvoffset=\dimen148
\Gm@dimlist=\toks17
) (/usr/local/texlive/2023/texmf-dist/tex/latex/amsfonts/amssymb.sty
Package: amssymb 2013/01/14 v3.01 AMS font symbols
 (/usr/local/texlive/2023/texmf-dist/tex/latex/amsfonts/amsfonts.sty
Package: amsfonts 2013/01/14 v3.01 Basic AMSFonts support
\@emptytoks=\toks18
\symAMSa=\mathgroup4
\symAMSb=\mathgroup5
LaTeX Font Info:    Redeclaring math symbol \hbar on input line 98.
LaTeX Font Info:    Overwriting math alphabet `\mathfrak' in version `bold'
(Font)                  U/euf/m/n --> U/euf/b/n on input line 106.
)) (/usr/local/texlive/2023/texmf-dist/tex/latex/amscls/amsthm.sty
Package: amsthm 2020/05/29 v2.20.6
\thm@style=\toks19
\thm@bodyfont=\toks20
\thm@headfont=\toks21
\thm@notefont=\toks22
\thm@headpunct=\toks23
\thm@preskip=\skip50
\thm@postskip=\skip51
\thm@headsep=\skip52
\dth@everypar=\toks24
) (/usr/local/texlive/2023/texmf-dist/tex/latex/mathtools/mathtools.sty
Package: mathtools 2022/06/29 v1.29 mathematical typesetting tools
 (/usr/local/texlive/2023/texmf-dist/tex/latex/tools/calc.sty
Package: calc 2017/05/25 v4.3 Infix arithmetic (KKT,FJ)
\calc@Acount=\count196
\calc@Bcount=\count197
\calc@Adimen=\dimen149
\calc@Bdimen=\dimen150
\calc@Askip=\skip53
\calc@Bskip=\skip54
LaTeX Info: Redefining \setlength on input line 80.
LaTeX Info: Redefining \addtolength on input line 81.
\calc@Ccount=\count198
\calc@Cskip=\skip55
) (/usr/local/texlive/2023/texmf-dist/tex/latex/mathtools/mhsetup.sty
Package: mhsetup 2021/03/18 v1.4 programming setup (MH)
) (/usr/local/texlive/2023/texmf-dist/tex/latex/amsmath/amsmath.sty
Package: amsmath 2022/04/08 v2.17n AMS math features
\@mathmargin=\skip56

For additional information on amsmath, use the `?' option.
(/usr/local/texlive/2023/texmf-dist/tex/latex/amsmath/amstext.sty
Package: amstext 2021/08/26 v2.01 AMS text
 (/usr/local/texlive/2023/texmf-dist/tex/latex/amsmath/amsgen.sty
File: amsgen.sty 1999/11/30 v2.0 generic functions
\@emptytoks=\toks25
\ex@=\dimen151
)) (/usr/local/texlive/2023/texmf-dist/tex/latex/amsmath/amsbsy.sty
Package: amsbsy 1999/11/29 v1.2d Bold Symbols
\pmbraise@=\dimen152
) (/usr/local/texlive/2023/texmf-dist/tex/latex/amsmath/amsopn.sty
Package: amsopn 2022/04/08 v2.04 operator names
)
\inf@bad=\count199
LaTeX Info: Redefining \frac on input line 234.
\uproot@=\count266
\leftroot@=\count267
LaTeX Info: Redefining \overline on input line 399.
LaTeX Info: Redefining \colon on input line 410.
\classnum@=\count268
\DOTSCASE@=\count269
LaTeX Info: Redefining \ldots on input line 496.
LaTeX Info: Redefining \dots on input line 499.
LaTeX Info: Redefining \cdots on input line 620.
\Mathstrutbox@=\box51
\strutbox@=\box52
LaTeX Info: Redefining \big on input line 722.
LaTeX Info: Redefining \Big on input line 723.
LaTeX Info: Redefining \bigg on input line 724.
LaTeX Info: Redefining \Bigg on input line 725.
\big@size=\dimen153
LaTeX Font Info:    Redeclaring font encoding OML on input line 743.
LaTeX Font Info:    Redeclaring font encoding OMS on input line 744.
\macc@depth=\count270
LaTeX Info: Redefining \bmod on input line 905.
LaTeX Info: Redefining \pmod on input line 910.
LaTeX Info: Redefining \smash on input line 940.
LaTeX Info: Redefining \relbar on input line 970.
LaTeX Info: Redefining \Relbar on input line 971.
\c@MaxMatrixCols=\count271
\dotsspace@=\muskip16
\c@parentequation=\count272
\dspbrk@lvl=\count273
\tag@help=\toks26
\row@=\count274
\column@=\count275
\maxfields@=\count276
\andhelp@=\toks27
\eqnshift@=\dimen154
\alignsep@=\dimen155
\tagshift@=\dimen156
\tagwidth@=\dimen157
\totwidth@=\dimen158
\lineht@=\dimen159
\@envbody=\toks28
\multlinegap=\skip57
\multlinetaggap=\skip58
\mathdisplay@stack=\toks29
LaTeX Info: Redefining \[ on input line 2953.
LaTeX Info: Redefining \] on input line 2954.
)
\g_MT_multlinerow_int=\count277
\l_MT_multwidth_dim=\dimen160
\origjot=\skip59
\l_MT_shortvdotswithinadjustabove_dim=\dimen161
\l_MT_shortvdotswithinadjustbelow_dim=\dimen162
\l_MT_above_intertext_sep=\dimen163
\l_MT_below_intertext_sep=\dimen164
\l_MT_above_shortintertext_sep=\dimen165
\l_MT_below_shortintertext_sep=\dimen166
\xmathstrut@box=\box53
\xmathstrut@dim=\dimen167
) (/usr/local/texlive/2023/texmf-dist/tex/latex/tools/bm.sty
Package: bm 2022/01/05 v1.2f Bold Symbol Support (DPC/FMi)
\symboldoperators=\mathgroup6
\symboldletters=\mathgroup7
\symboldsymbols=\mathgroup8
Package bm Info: No bold for \OMX/cmex/m/n, using \pmb.
Package bm Info: No bold for \U/msa/m/n, using \pmb.
Package bm Info: No bold for \U/msb/m/n, using \pmb.
LaTeX Font Info:    Redeclaring math alphabet \mathbf on input line 149.
) (/usr/local/texlive/2023/texmf-dist/tex/latex/bbm-macros/bbm.sty
Package: bbm 1999/03/15 V 1.2 provides fonts for set symbols - TH
LaTeX Font Info:    Overwriting math alphabet `\mathbbm' in version `bold'
(Font)                  U/bbm/m/n --> U/bbm/bx/n on input line 33.
LaTeX Font Info:    Overwriting math alphabet `\mathbbmss' in version `bold'
(Font)                  U/bbmss/m/n --> U/bbmss/bx/n on input line 35.
) (/usr/local/texlive/2023/texmf-dist/tex/latex/jknapltx/mathrsfs.sty
Package: mathrsfs 1996/01/01 Math RSFS package v1.0 (jk)
\symrsfs=\mathgroup9
) (/usr/local/texlive/2023/texmf-dist/tex/latex/psnfss/pifont.sty
Package: pifont 2020/03/25 PSNFSS-v9.3 Pi font support (SPQR) 
LaTeX Font Info:    Trying to load font information for U+pzd on input line 63.
 (/usr/local/texlive/2023/texmf-dist/tex/latex/psnfss/upzd.fd
File: upzd.fd 2001/06/04 font definitions for U/pzd.
)
LaTeX Font Info:    Trying to load font information for U+psy on input line 64.
 (/usr/local/texlive/2023/texmf-dist/tex/latex/psnfss/upsy.fd
File: upsy.fd 2001/06/04 font definitions for U/psy.
)) (/usr/local/texlive/2023/texmf-dist/tex/latex/xcolor/xcolor.sty
Package: xcolor 2022/06/12 v2.14 LaTeX color extensions (UK)
 (/usr/local/texlive/2023/texmf-dist/tex/latex/graphics-cfg/color.cfg
File: color.cfg 2016/01/02 v1.6 sample color configuration
)
Package xcolor Info: Driver file: pdftex.def on input line 227.
 (/usr/local/texlive/2023/texmf-dist/tex/latex/graphics-def/pdftex.def
File: pdftex.def 2022/09/22 v1.2b Graphics/color driver for pdftex
) (/usr/local/texlive/2023/texmf-dist/tex/latex/graphics/mathcolor.ltx)
Package xcolor Info: Model `cmy' substituted by `cmy0' on input line 1353.
Package xcolor Info: Model `hsb' substituted by `rgb' on input line 1357.
Package xcolor Info: Model `RGB' extended on input line 1369.
Package xcolor Info: Model `HTML' substituted by `rgb' on input line 1371.
Package xcolor Info: Model `Hsb' substituted by `hsb' on input line 1372.
Package xcolor Info: Model `tHsb' substituted by `hsb' on input line 1373.
Package xcolor Info: Model `HSB' substituted by `hsb' on input line 1374.
Package xcolor Info: Model `Gray' substituted by `gray' on input line 1375.
Package xcolor Info: Model `wave' substituted by `hsb' on input line 1376.
 (/usr/local/texlive/2023/texmf-dist/tex/latex/graphics/dvipsnam.def
File: dvipsnam.def 2016/06/17 v3.0m Driver-dependent file (DPC,SPQR)
)) (/usr/local/texlive/2023/texmf-dist/tex/latex/hyperref/hyperref.sty
Package: hyperref 2023-02-07 v7.00v Hypertext links for LaTeX
 (/usr/local/texlive/2023/texmf-dist/tex/generic/ltxcmds/ltxcmds.sty
Package: ltxcmds 2020-05-10 v1.25 LaTeX kernel commands for general use (HO)
) (/usr/local/texlive/2023/texmf-dist/tex/generic/pdftexcmds/pdftexcmds.sty
Package: pdftexcmds 2020-06-27 v0.33 Utility functions of pdfTeX for LuaTeX (HO)
 (/usr/local/texlive/2023/texmf-dist/tex/generic/infwarerr/infwarerr.sty
Package: infwarerr 2019/12/03 v1.5 Providing info/warning/error messages (HO)
)
Package pdftexcmds Info: \pdf@primitive is available.
Package pdftexcmds Info: \pdf@ifprimitive is available.
Package pdftexcmds Info: \pdfdraftmode found.
) (/usr/local/texlive/2023/texmf-dist/tex/latex/kvsetkeys/kvsetkeys.sty
Package: kvsetkeys 2022-10-05 v1.19 Key value parser (HO)
) (/usr/local/texlive/2023/texmf-dist/tex/generic/kvdefinekeys/kvdefinekeys.sty
Package: kvdefinekeys 2019-12-19 v1.6 Define keys (HO)
) (/usr/local/texlive/2023/texmf-dist/tex/generic/pdfescape/pdfescape.sty
Package: pdfescape 2019/12/09 v1.15 Implements pdfTeX's escape features (HO)
) (/usr/local/texlive/2023/texmf-dist/tex/latex/hycolor/hycolor.sty
Package: hycolor 2020-01-27 v1.10 Color options for hyperref/bookmark (HO)
) (/usr/local/texlive/2023/texmf-dist/tex/latex/letltxmacro/letltxmacro.sty
Package: letltxmacro 2019/12/03 v1.6 Let assignment for LaTeX macros (HO)
) (/usr/local/texlive/2023/texmf-dist/tex/latex/auxhook/auxhook.sty
Package: auxhook 2019-12-17 v1.6 Hooks for auxiliary files (HO)
) (/usr/local/texlive/2023/texmf-dist/tex/latex/hyperref/nameref.sty
Package: nameref 2022-05-17 v2.50 Cross-referencing by name of section
 (/usr/local/texlive/2023/texmf-dist/tex/latex/refcount/refcount.sty
Package: refcount 2019/12/15 v3.6 Data extraction from label references (HO)
) (/usr/local/texlive/2023/texmf-dist/tex/generic/gettitlestring/gettitlestring.sty
Package: gettitlestring 2019/12/15 v1.6 Cleanup title references (HO)
 (/usr/local/texlive/2023/texmf-dist/tex/latex/kvoptions/kvoptions.sty
Package: kvoptions 2022-06-15 v3.15 Key value format for package options (HO)
))
\c@section@level=\count278
)
\@linkdim=\dimen168
\Hy@linkcounter=\count279
\Hy@pagecounter=\count280
 (/usr/local/texlive/2023/texmf-dist/tex/latex/hyperref/pd1enc.def
File: pd1enc.def 2023-02-07 v7.00v Hyperref: PDFDocEncoding definition (HO)
Now handling font encoding PD1 ...
... no UTF-8 mapping file for font encoding PD1
) (/usr/local/texlive/2023/texmf-dist/tex/generic/intcalc/intcalc.sty
Package: intcalc 2019/12/15 v1.3 Expandable calculations with integers (HO)
) (/usr/local/texlive/2023/texmf-dist/tex/generic/etexcmds/etexcmds.sty
Package: etexcmds 2019/12/15 v1.7 Avoid name clashes with e-TeX commands (HO)
)
\Hy@SavedSpaceFactor=\count281
 (/usr/local/texlive/2023/texmf-dist/tex/latex/hyperref/puenc.def
File: puenc.def 2023-02-07 v7.00v Hyperref: PDF Unicode definition (HO)
Now handling font encoding PU ...
... no UTF-8 mapping file for font encoding PU
)
Package hyperref Info: Option `colorlinks' set `true' on input line 4060.
Package hyperref Info: Hyper figures OFF on input line 4177.
Package hyperref Info: Link nesting OFF on input line 4182.
Package hyperref Info: Hyper index ON on input line 4185.
Package hyperref Info: Plain pages OFF on input line 4192.
Package hyperref Info: Backreferencing OFF on input line 4197.
Package hyperref Info: Implicit mode ON; LaTeX internals redefined.
Package hyperref Info: Bookmarks ON on input line 4425.
\c@Hy@tempcnt=\count282
 (/usr/local/texlive/2023/texmf-dist/tex/latex/url/url.sty
\Urlmuskip=\muskip17
Package: url 2013/09/16  ver 3.4  Verb mode for urls, etc.
)
LaTeX Info: Redefining \url on input line 4763.
\XeTeXLinkMargin=\dimen169
 (/usr/local/texlive/2023/texmf-dist/tex/generic/bitset/bitset.sty
Package: bitset 2019/12/09 v1.3 Handle bit-vector datatype (HO)
 (/usr/local/texlive/2023/texmf-dist/tex/generic/bigintcalc/bigintcalc.sty
Package: bigintcalc 2019/12/15 v1.5 Expandable calculations on big integers (HO)
))
\Fld@menulength=\count283
\Field@Width=\dimen170
\Fld@charsize=\dimen171
Package hyperref Info: Hyper figures OFF on input line 6042.
Package hyperref Info: Link nesting OFF on input line 6047.
Package hyperref Info: Hyper index ON on input line 6050.
Package hyperref Info: backreferencing OFF on input line 6057.
Package hyperref Info: Link coloring ON on input line 6060.
Package hyperref Info: Link coloring with OCG OFF on input line 6067.
Package hyperref Info: PDF/A mode OFF on input line 6072.
 (/usr/local/texlive/2023/texmf-dist/tex/latex/base/atbegshi-ltx.sty
Package: atbegshi-ltx 2021/01/10 v1.0c Emulation of the original atbegshi
package with kernel methods
)
\Hy@abspage=\count284
\c@Item=\count285
\c@Hfootnote=\count286
)
Package hyperref Info: Driver (autodetected): hpdftex.
 (/usr/local/texlive/2023/texmf-dist/tex/latex/hyperref/hpdftex.def
File: hpdftex.def 2023-02-07 v7.00v Hyperref driver for pdfTeX
 (/usr/local/texlive/2023/texmf-dist/tex/latex/base/atveryend-ltx.sty
Package: atveryend-ltx 2020/08/19 v1.0a Emulation of the original atveryend package
with kernel methods
)
\Fld@listcount=\count287
\c@bookmark@seq@number=\count288
 (/usr/local/texlive/2023/texmf-dist/tex/latex/rerunfilecheck/rerunfilecheck.sty
Package: rerunfilecheck 2022-07-10 v1.10 Rerun checks for auxiliary files (HO)
 (/usr/local/texlive/2023/texmf-dist/tex/generic/uniquecounter/uniquecounter.sty
Package: uniquecounter 2019/12/15 v1.4 Provide unlimited unique counter (HO)
)
Package uniquecounter Info: New unique counter `rerunfilecheck' on input line 285.
)
\Hy@SectionHShift=\skip60
) (/usr/local/texlive/2023/texmf-dist/tex/latex/graphics/graphicx.sty
Package: graphicx 2021/09/16 v1.2d Enhanced LaTeX Graphics (DPC,SPQR)
 (/usr/local/texlive/2023/texmf-dist/tex/latex/graphics/graphics.sty
Package: graphics 2022/03/10 v1.4e Standard LaTeX Graphics (DPC,SPQR)
 (/usr/local/texlive/2023/texmf-dist/tex/latex/graphics/trig.sty
Package: trig 2021/08/11 v1.11 sin cos tan (DPC)
) (/usr/local/texlive/2023/texmf-dist/tex/latex/graphics-cfg/graphics.cfg
File: graphics.cfg 2016/06/04 v1.11 sample graphics configuration
)
Package graphics Info: Driver file: pdftex.def on input line 107.
)
\Gin@req@height=\dimen172
\Gin@req@width=\dimen173
) (/usr/local/texlive/2023/texmf-dist/tex/latex/caption/caption.sty
Package: caption 2023/03/12 v3.6j Customizing captions (AR)
 (/usr/local/texlive/2023/texmf-dist/tex/latex/caption/caption3.sty
Package: caption3 2023/03/12 v2.4 caption3 kernel (AR)
\caption@tempdima=\dimen174
\captionmargin=\dimen175
\caption@leftmargin=\dimen176
\caption@rightmargin=\dimen177
\caption@width=\dimen178
\caption@indent=\dimen179
\caption@parindent=\dimen180
\caption@hangindent=\dimen181
Package caption Info: Standard document class detected.
)
\c@caption@flags=\count289
\c@continuedfloat=\count290
Package caption Info: hyperref package is loaded.
) (/usr/local/texlive/2023/texmf-dist/tex/latex/tools/verbatim.sty
Package: verbatim 2022-07-02 v1.5u LaTeX2e package for verbatim enhancements
\every@verbatim=\toks30
\verbatim@line=\toks31
\verbatim@in@stream=\read2
) (/usr/local/texlive/2023/texmf-dist/tex/latex/ifsym/ifsym.sty
Package: ifsym 2000/04/18 I.Kloeckl
\c@ifsymcnt=\count291
) (/usr/local/texlive/2023/texmf-dist/tex/latex/algorithm2e/algorithm2e.sty
Package: algorithm2e 2017/07/18 v5.2 algorithms environments
\c@AlgoLine=\count292
 (/usr/local/texlive/2023/texmf-dist/tex/latex/base/ifthen.sty
Package: ifthen 2022/04/13 v1.1d Standard LaTeX ifthen package (DPC)
)
\algocf@hangindent=\skip61
 (/usr/local/texlive/2023/texmf-dist/tex/latex/ifoddpage/ifoddpage.sty
Package: ifoddpage 2022/10/18 v1.2 Conditionals for odd/even page detection
\c@checkoddpage=\count293
) (/usr/local/texlive/2023/texmf-dist/tex/latex/tools/xspace.sty
Package: xspace 2014/10/28 v1.13 Space after command names (DPC,MH)
) (/usr/local/texlive/2023/texmf-dist/tex/latex/relsize/relsize.sty
Package: relsize 2013/03/29 ver 4.1
)
\skiptotal=\skip62
\skiplinenumber=\skip63
\skiprule=\skip64
\skiphlne=\skip65
\skiptext=\skip66
\skiplength=\skip67
\algomargin=\skip68
\skipalgocfslide=\skip69
\algowidth=\dimen182
\inoutsize=\dimen183
\inoutindent=\dimen184
\interspacetitleruled=\dimen185
\interspacealgoruled=\dimen186
\interspacetitleboxruled=\dimen187
\algocf@ruledwidth=\skip70
\algocf@inoutbox=\box54
\algocf@inputbox=\box55
\AlCapSkip=\skip71
\AlCapHSkip=\skip72
\algoskipindent=\skip73
\algocf@nlbox=\box56
\algocf@hangingbox=\box57
\algocf@untilbox=\box58
\algocf@skipuntil=\skip74
\algocf@capbox=\box59
\algocf@lcaptionbox=\skip75
\algoheightruledefault=\skip76
\algoheightrule=\skip77
\algotitleheightruledefault=\skip78
\algotitleheightrule=\skip79
\c@algocfline=\count294
\c@algocfproc=\count295
\c@algocf=\count296
\algocf@algoframe=\box60
\algocf@algobox=\box61
) (/usr/local/texlive/2023/texmf-dist/tex/latex/layouts/layouts.sty
Package: layouts 2009/09/02 v2.6d graphical depiction of document elements
\l@ylen=\skip80
\layoutsbox=\box62
\l@youtunitlength=\skip81
\l@youtlinethick=\skip82
\l@youtlinethickii=\skip83
\l@ysetupparskip=\skip84
\l@ysetupbaselineskip=\skip85
\l@yonem=\skip86
\l@yonex=\skip87
\l@ylmarg=\skip88
\l@yrmarg=\skip89
\l@yitmindent=\skip90
\l@ylblwidth=\skip91
\l@ylblsep=\skip92
\l@ylparindent=\skip93
\l@ytsep=\skip94
\l@ypskip=\skip95
\l@yptsep=\skip96
\l@ypsep=\skip97
\l@yitmsep=\skip98
\l@ytok=\toks32
\l@youtpw=\count297
\l@youtph=\count298
\l@youthpi=\count299
\l@youthpii=\count300
\l@youthpiii=\count301
\l@youthpiv=\count302
\l@youthpv=\count303
\l@youthpvi=\count304
\l@youthpvii=\count305
\l@youtparskip=\count306
\l@youtvpi=\count307
\l@youtvpii=\count308
\l@youtvpiii=\count309
\l@youtvpiv=\count310
\l@youtvpv=\count311
\l@youtvpvi=\count312
\l@youtvpvii=\count313
\l@youthdo=\count314
\l@youthdi=\count315
\l@youthdii=\count316
\l@youthdiii=\count317
\l@youthdiv=\count318
\l@youthdv=\count319
\l@youthdvi=\count320
\l@youthdvii=\count321
\l@youtvdo=\count322
\l@youtvdi=\count323
\l@youtvdii=\count324
\l@youtvdiii=\count325
\l@youtvdiv=\count326
\l@youtvdv=\count327
\l@youtvdvi=\count328
\l@youtvdvii=\count329
\l@youtvdviii=\count330
\l@youtxci=\count331
\l@youtxcii=\count332
\l@youtxciii=\count333
\l@youtxciv=\count334
\l@youtxcv=\count335
\l@youtxcvi=\count336
\l@youtyci=\count337
\l@youtycii=\count338
\l@youtyciii=\count339
\l@youtyciv=\count340
\l@youtycv=\count341
\l@youtycvi=\count342
\l@youtycvii=\count343
\l@youtycviii=\count344
\l@youtxco=\count345
\l@youtyco=\count346
\l@ytempdima=\skip99
\trimedge=\skip100
\trimtop=\skip101
\uppermargin=\skip102
\spinemargin=\skip103
) (/usr/local/texlive/2023/texmf-dist/tex/latex/biblatex/biblatex.sty
Package: biblatex 2023/03/05 v3.19 programmable bibliographies (PK/MW)
 (/usr/local/texlive/2023/texmf-dist/tex/latex/etoolbox/etoolbox.sty
Package: etoolbox 2020/10/05 v2.5k e-TeX tools for LaTeX (JAW)
\etb@tempcnta=\count347
) (/usr/local/texlive/2023/texmf-dist/tex/latex/logreq/logreq.sty
Package: logreq 2010/08/04 v1.0 xml request logger
\lrq@indent=\count348
 (/usr/local/texlive/2023/texmf-dist/tex/latex/logreq/logreq.def
File: logreq.def 2010/08/04 v1.0 logreq spec v1.0
))
\c@tabx@nest=\count349
\c@listtotal=\count350
\c@listcount=\count351
\c@liststart=\count352
\c@liststop=\count353
\c@citecount=\count354
\c@citetotal=\count355
\c@multicitecount=\count356
\c@multicitetotal=\count357
\c@instcount=\count358
\c@maxnames=\count359
\c@minnames=\count360
\c@maxitems=\count361
\c@minitems=\count362
\c@citecounter=\count363
\c@maxcitecounter=\count364
\c@savedcitecounter=\count365
\c@uniquelist=\count366
\c@uniquename=\count367
\c@refsection=\count368
\c@refsegment=\count369
\c@maxextratitle=\count370
\c@maxextratitleyear=\count371
\c@maxextraname=\count372
\c@maxextradate=\count373
\c@maxextraalpha=\count374
\c@abbrvpenalty=\count375
\c@highnamepenalty=\count376
\c@lownamepenalty=\count377
\c@maxparens=\count378
\c@parenlevel=\count379
\blx@tempcnta=\count380
\blx@tempcntb=\count381
\blx@tempcntc=\count382
\c@blx@maxsection=\count383
\blx@maxsegment@0=\count384
\blx@notetype=\count385
\blx@parenlevel@text=\count386
\blx@parenlevel@foot=\count387
\blx@sectionciteorder@0=\count388
\blx@sectionciteorderinternal@0=\count389
\blx@entrysetcounter=\count390
\blx@biblioinstance=\count391
\labelnumberwidth=\skip104
\labelalphawidth=\skip105
\biblabelsep=\skip106
\bibitemsep=\skip107
\bibnamesep=\skip108
\bibinitsep=\skip109
\bibparsep=\skip110
\bibhang=\skip111
\blx@bcfin=\read3
\blx@bcfout=\write3
\blx@langwohyphens=\language87
\c@mincomprange=\count392
\c@maxcomprange=\count393
\c@mincompwidth=\count394
Package biblatex Info: Trying to load biblatex default data model...
Package biblatex Info: ... file 'blx-dm.def' found.
 (/usr/local/texlive/2023/texmf-dist/tex/latex/biblatex/blx-dm.def
File: blx-dm.def 2023/03/05 v3.19 biblatex localization (PK/MW)
)
Package biblatex Info: Trying to load biblatex style data model...
Package biblatex Info: ... file 'authoryear.dbx' not found.
Package biblatex Info: Trying to load biblatex custom data model...
Package biblatex Info: ... file 'biblatex-dm.cfg' not found.
\c@afterword=\count395
\c@savedafterword=\count396
\c@annotator=\count397
\c@savedannotator=\count398
\c@author=\count399
\c@savedauthor=\count400
\c@bookauthor=\count401
\c@savedbookauthor=\count402
\c@commentator=\count403
\c@savedcommentator=\count404
\c@editor=\count405
\c@savededitor=\count406
\c@editora=\count407
\c@savededitora=\count408
\c@editorb=\count409
\c@savededitorb=\count410
\c@editorc=\count411
\c@savededitorc=\count412
\c@foreword=\count413
\c@savedforeword=\count414
\c@holder=\count415
\c@savedholder=\count416
\c@introduction=\count417
\c@savedintroduction=\count418
\c@namea=\count419
\c@savednamea=\count420
\c@nameb=\count421
\c@savednameb=\count422
\c@namec=\count423
\c@savednamec=\count424
\c@translator=\count425
\c@savedtranslator=\count426
\c@shortauthor=\count427
\c@savedshortauthor=\count428
\c@shorteditor=\count429
\c@savedshorteditor=\count430
\c@labelname=\count431
\c@savedlabelname=\count432
\c@institution=\count433
\c@savedinstitution=\count434
\c@lista=\count435
\c@savedlista=\count436
\c@listb=\count437
\c@savedlistb=\count438
\c@listc=\count439
\c@savedlistc=\count440
\c@listd=\count441
\c@savedlistd=\count442
\c@liste=\count443
\c@savedliste=\count444
\c@listf=\count445
\c@savedlistf=\count446
\c@location=\count447
\c@savedlocation=\count448
\c@organization=\count449
\c@savedorganization=\count450
\c@origlocation=\count451
\c@savedoriglocation=\count452
\c@origpublisher=\count453
\c@savedorigpublisher=\count454
\c@publisher=\count455
\c@savedpublisher=\count456
\c@language=\count457
\c@savedlanguage=\count458
\c@origlanguage=\count459
\c@savedoriglanguage=\count460
\c@pageref=\count461
\c@savedpageref=\count462
\shorthandwidth=\skip112
\shortjournalwidth=\skip113
\shortserieswidth=\skip114
\shorttitlewidth=\skip115
\shortauthorwidth=\skip116
\shorteditorwidth=\skip117
\locallabelnumberwidth=\skip118
\locallabelalphawidth=\skip119
\localshorthandwidth=\skip120
\localshortjournalwidth=\skip121
\localshortserieswidth=\skip122
\localshorttitlewidth=\skip123
\localshortauthorwidth=\skip124
\localshorteditorwidth=\skip125
Package biblatex Info: Trying to load compatibility code...
Package biblatex Info: ... file 'blx-compat.def' found.
 (/usr/local/texlive/2023/texmf-dist/tex/latex/biblatex/blx-compat.def
File: blx-compat.def 2023/03/05 v3.19 biblatex compatibility (PK/MW)
)
Package biblatex Info: Trying to load BibTeX backend compatibility...
Package biblatex Info: ... file 'blx-bibtex.def' found.
 (/usr/local/texlive/2023/texmf-dist/tex/latex/biblatex/blx-bibtex.def
File: blx-bibtex.def 2023/03/05 v3.19 biblatex compatibility (PK/MW)


Package biblatex Warning: Using fall-back bibtex backend:
(biblatex)                functionality may be reduced/unavailable.

)
Package biblatex Info: Trying to load generic definitions...
Package biblatex Info: ... file 'biblatex.def' found.
 (/usr/local/texlive/2023/texmf-dist/tex/latex/biblatex/biblatex.def
File: biblatex.def 2023/03/05 v3.19 biblatex compatibility (PK/MW)
\c@textcitecount=\count463
\c@textcitetotal=\count464
\c@textcitemaxnames=\count465
\c@biburlbigbreakpenalty=\count466
\c@biburlbreakpenalty=\count467
\c@biburlnumpenalty=\count468
\c@biburlucpenalty=\count469
\c@biburllcpenalty=\count470
\biburlbigskip=\muskip18
\biburlnumskip=\muskip19
\biburlucskip=\muskip20
\biburllcskip=\muskip21
\c@smartand=\count471
)
Package biblatex Info: Trying to load natbib compatibility...
Package biblatex Info: ... file 'blx-natbib.def' found.
 (/usr/local/texlive/2023/texmf-dist/tex/latex/biblatex/blx-natbib.def
File: blx-natbib.def 2023/03/05 v3.19 biblatex compatibility (PK/MW)
Package biblatex Info: Delimiter 'nameyeardelim' in context '' already defined, overwriting.
)
Package biblatex Info: Trying to load bibliography style 'authoryear'...
Package biblatex Info: ... file 'authoryear.bbx' found.
 (/usr/local/texlive/2023/texmf-dist/tex/latex/biblatex/bbx/authoryear.bbx
File: authoryear.bbx 2023/03/05 v3.19 biblatex bibliography style (PK/MW)
Package biblatex Info: Trying to load bibliography style 'standard'...
Package biblatex Info: ... file 'standard.bbx' found.
 (/usr/local/texlive/2023/texmf-dist/tex/latex/biblatex/bbx/standard.bbx
File: standard.bbx 2023/03/05 v3.19 biblatex bibliography style (PK/MW)
\c@bbx:relatedcount=\count472
\c@bbx:relatedtotal=\count473
))
Package biblatex Info: Trying to load citation style 'authoryear'...
Package biblatex Info: ... file 'authoryear.cbx' found.
 (/usr/local/texlive/2023/texmf-dist/tex/latex/biblatex/cbx/authoryear.cbx
File: authoryear.cbx 2023/03/05 v3.19 biblatex citation style (PK/MW)
Package biblatex Info: Redefining '\cite'.
Package biblatex Info: Redefining '\parencite'.
Package biblatex Info: Redefining '\footcite'.
Package biblatex Info: Redefining '\footcitetext'.
Package biblatex Info: Redefining '\smartcite'.
Package biblatex Info: Redefining '\textcite'.
Package biblatex Info: Redefining '\textcites'.
)
Package biblatex Info: Trying to load configuration file...
Package biblatex Info: ... file 'biblatex.cfg' found.
 (/usr/local/texlive/2023/texmf-dist/tex/latex/biblatex/biblatex.cfg
File: biblatex.cfg 
)
Package biblatex Info: Input encoding 'utf8' detected.
Package biblatex Info: Document encoding is UTF8 ....
 (/usr/local/texlive/2023/texmf-dist/tex/latex/l3kernel/expl3.sty
Package: expl3 2023-02-22 L3 programming layer (loader) 
 (/usr/local/texlive/2023/texmf-dist/tex/latex/l3backend/l3backend-pdftex.def
File: l3backend-pdftex.def 2023-01-16 L3 backend support: PDF output (pdfTeX)
\l__color_backend_stack_int=\count474
\l__pdf_internal_box=\box63
))
Package biblatex Info: ... and expl3
(biblatex)             2023-02-22 L3 programming layer (loader) 
(biblatex)             is new enough (at least 2020/04/06),
(biblatex)             setting 'casechanger=expl3'.
 (/usr/local/texlive/2023/texmf-dist/tex/latex/biblatex/blx-case-expl3.sty (/usr/local/texlive/2023/texmf-dist/tex/latex/l3packages/xparse/xparse.sty
Package: xparse 2023-02-02 L3 Experimental document command parser
)
Package: blx-case-expl3 2023/03/05 v3.19 expl3 case changing code for biblatex
)) (/usr/local/texlive/2023/texmf-dist/tex/latex/booktabs/booktabs.sty
Package: booktabs 2020/01/12 v1.61803398 Publication quality tables
\heavyrulewidth=\dimen188
\lightrulewidth=\dimen189
\cmidrulewidth=\dimen190
\belowrulesep=\dimen191
\belowbottomsep=\dimen192
\aboverulesep=\dimen193
\abovetopsep=\dimen194
\cmidrulesep=\dimen195
\cmidrulekern=\dimen196
\defaultaddspace=\dimen197
\@cmidla=\count475
\@cmidlb=\count476
\@aboverulesep=\dimen198
\@belowrulesep=\dimen199
\@thisruleclass=\count477
\@lastruleclass=\count478
\@thisrulewidth=\dimen256
) (/usr/local/texlive/2023/texmf-dist/tex/latex/multirow/multirow.sty
Package: multirow 2021/03/15 v2.8 Span multiple rows of a table
\multirow@colwidth=\skip126
\multirow@cntb=\count479
\multirow@dima=\skip127
\bigstrutjot=\dimen257
) (/usr/local/texlive/2023/texmf-dist/tex/latex/algorithmicx/algpseudocode.sty
Package: algpseudocode 
 (/usr/local/texlive/2023/texmf-dist/tex/latex/algorithmicx/algorithmicx.sty
Package: algorithmicx 2005/04/27 v1.2 Algorithmicx

Document Style algorithmicx 1.2 - a greatly improved `algorithmic' style
\c@ALG@line=\count480
\c@ALG@rem=\count481
\c@ALG@nested=\count482
\ALG@tlm=\skip128
\ALG@thistlm=\skip129
\c@ALG@Lnr=\count483
\c@ALG@blocknr=\count484
\c@ALG@storecount=\count485
\c@ALG@tmpcounter=\count486
\ALG@tmplength=\skip130
)
Document Style - pseudocode environments for use with the `algorithmicx' style
) (/usr/local/texlive/2023/texmf-dist/tex/latex/caption/subcaption.sty
Package: subcaption 2023/02/19 v1.6 Sub-captions (AR)
Package caption Info: New subtype `subfigure' on input line 239.
\c@subfigure=\count487
Package caption Info: New subtype `subtable' on input line 239.
\c@subtable=\count488
) (/usr/local/texlive/2023/texmf-dist/tex/latex/preprint/authblk.sty
Package: authblk 2001/02/27 1.3 (PWD)
\affilsep=\skip131
\@affilsep=\skip132
\c@Maxaffil=\count489
\c@authors=\count490
\c@affil=\count491
)

Package geometry Warning: Over-specification in `h'-direction.
    `width' (448.1309pt) is ignored.


Package geometry Warning: Over-specification in `v'-direction.
    `height' (633.78513pt) is ignored.

\c@assumption=\count492
\c@theorem=\count493
\c@corollary=\count494
\c@remark=\count495
\c@lemma=\count496
\c@proposition=\count497
\c@definition=\count498
\@quotelevel=\count499
\@quotereset=\count500
(./AdaInf-manuscript.aux)
\openout1 = `AdaInf-manuscript.aux'.

LaTeX Font Info:    Checking defaults for OML/cmm/m/it on input line 143.
LaTeX Font Info:    ... okay on input line 143.
LaTeX Font Info:    Checking defaults for OMS/cmsy/m/n on input line 143.
LaTeX Font Info:    ... okay on input line 143.
LaTeX Font Info:    Checking defaults for OT1/cmr/m/n on input line 143.
LaTeX Font Info:    ... okay on input line 143.
LaTeX Font Info:    Checking defaults for T1/cmr/m/n on input line 143.
LaTeX Font Info:    ... okay on input line 143.
LaTeX Font Info:    Checking defaults for TS1/cmr/m/n on input line 143.
LaTeX Font Info:    ... okay on input line 143.
LaTeX Font Info:    Checking defaults for OMX/cmex/m/n on input line 143.
LaTeX Font Info:    ... okay on input line 143.
LaTeX Font Info:    Checking defaults for U/cmr/m/n on input line 143.
LaTeX Font Info:    ... okay on input line 143.
LaTeX Font Info:    Checking defaults for PD1/pdf/m/n on input line 143.
LaTeX Font Info:    ... okay on input line 143.
LaTeX Font Info:    Checking defaults for PU/pdf/m/n on input line 143.
LaTeX Font Info:    ... okay on input line 143.

*geometry* driver: auto-detecting
*geometry* detected driver: pdftex
*geometry* verbose mode - [ preamble ] result:
* driver: pdftex
* paper: a4paper
* layout: <same size as paper>
* layoutoffset:(h,v)=(0.0pt,0.0pt)
* modes: 
* h-part:(L,W,R)=(79.49744pt, 438.513pt, 79.49744pt)
* v-part:(T,H,B)=(85.27806pt, 674.49072pt, 85.27806pt)
* \paperwidth=597.50787pt
* \paperheight=845.04684pt
* \textwidth=438.513pt
* \textheight=674.49072pt
* \oddsidemargin=7.22745pt
* \evensidemargin=7.22745pt
* \topmargin=-46.99193pt
* \headheight=35.0pt
* \headsep=25.0pt
* \topskip=12.0pt
* \footskip=30.0pt
* \marginparwidth=44.0pt
* \marginparsep=10.0pt
* \columnsep=10.0pt
* \skip\footins=10.8pt plus 4.0pt minus 2.0pt
* \hoffset=0.0pt
* \voffset=0.0pt
* \mag=1000
* \@twocolumnfalse
* \@twosidefalse
* \@mparswitchfalse
* \@reversemarginfalse
* (1in=72.27pt=25.4mm, 1cm=28.453pt)

(/usr/local/texlive/2023/texmf-dist/tex/context/base/mkii/supp-pdf.mkii
[Loading MPS to PDF converter (version 2006.09.02).]
\scratchcounter=\count501
\scratchdimen=\dimen258
\scratchbox=\box64
\nofMPsegments=\count502
\nofMParguments=\count503
\everyMPshowfont=\toks33
\MPscratchCnt=\count504
\MPscratchDim=\dimen259
\MPnumerator=\count505
\makeMPintoPDFobject=\count506
\everyMPtoPDFconversion=\toks34
) (/usr/local/texlive/2023/texmf-dist/tex/latex/epstopdf-pkg/epstopdf-base.sty
Package: epstopdf-base 2020-01-24 v2.11 Base part for package epstopdf
Package epstopdf-base Info: Redefining graphics rule for `.eps' on input line 485.
 (/usr/local/texlive/2023/texmf-dist/tex/latex/latexconfig/epstopdf-sys.cfg
File: epstopdf-sys.cfg 2010/07/13 v1.3 Configuration of (r)epstopdf for TeX Live
))
Package hyperref Info: Link coloring ON on input line 143.
 (./AdaInf-manuscript.out) (./AdaInf-manuscript.out)
\@outlinefile=\write4
\openout4 = `AdaInf-manuscript.out'.

Package caption Info: Begin \AtBeginDocument code.
Package caption Info: End \AtBeginDocument code.


Package layouts Warning: Layout scale set to 0.5 on input line 143.

Package biblatex Info: Trying to load language 'english'...
Package biblatex Info: ... file 'english.lbx' found.
(/usr/local/texlive/2023/texmf-dist/tex/latex/biblatex/lbx/english.lbx
File: english.lbx 2023/03/05 v3.19 biblatex localization (PK/MW)
)
Package biblatex Info: Input encoding 'utf8' detected.
Package biblatex Info: Automatic encoding selection.
(biblatex)             Assuming data encoding 'utf8'.
Package biblatex Info: Input encoding 'utf8' detected.
Package biblatex Info: Data encoding 'utf8' specified.
(biblatex)             No need to reencode data.
\openout3 = `AdaInf-manuscript-blx.bib'.

Package biblatex Info: Trying to load bibliographic data...
Package biblatex Info: ... file 'AdaInf-manuscript.bbl' found.
 (./AdaInf-manuscript.bbl)
Package biblatex Info: Reference section=0 on input line 143.
Package biblatex Info: Reference segment=0 on input line 143.
 [1

{/usr/local/texlive/2023/texmf-var/fonts/map/pdftex/updmap/pdftex.map}]
LaTeX Font Info:    Trying to load font information for U+msa on input line 168.
 (/usr/local/texlive/2023/texmf-dist/tex/latex/amsfonts/umsa.fd
File: umsa.fd 2013/01/14 v3.01 AMS symbols A
)
LaTeX Font Info:    Trying to load font information for U+msb on input line 168.
 (/usr/local/texlive/2023/texmf-dist/tex/latex/amsfonts/umsb.fd
File: umsb.fd 2013/01/14 v3.01 AMS symbols B
)
LaTeX Font Info:    Trying to load font information for U+rsfs on input line 168.
 (/usr/local/texlive/2023/texmf-dist/tex/latex/jknapltx/ursfs.fd
File: ursfs.fd 1998/03/24 rsfs font definition file (jk)
) [2] [3] [4] [5]
Overfull \hbox (7.86711pt too wide) detected at line 277
[]
 []

[6{/usr/local/texlive/2023/texmf-dist/fonts/enc/dvips/cm-super/cm-super-ts1.enc}]
LaTeX Font Info:    Trying to load font information for U+bbm on input line 291.
 (/usr/local/texlive/2023/texmf-dist/tex/latex/bbm-macros/ubbm.fd
File: ubbm.fd 1999/03/15 V 1.2 Font definition for bbm font - TH
) [7]
<figures-and-tables/auxiliary/sampling_distribution.pdf, id=542, 433.62pt x 144.54pt>
File: figures-and-tables/auxiliary/sampling_distribution.pdf Graphic file (type pdf)
<use figures-and-tables/auxiliary/sampling_distribution.pdf>
Package pdftex.def Info: figures-and-tables/auxiliary/sampling_distribution.pdf  used on input line 339.
(pdftex.def)             Requested size: 372.73872pt x 124.25343pt.
 [8] [9 <./figures-and-tables/auxiliary/sampling_distribution.pdf>]
Overfull \hbox (11.59006pt too wide) in paragraph at lines 405--407
\OT1/cmr/m/n/12 where $\OT1/cmr/bx/n/12 ^^F[] \OMS/cmsy/m/n/12 ^^Q \OT1/cmr/m/n/12 ([][])[]$ and $\OT1/cmr/bx/n/12 ^^F[]\OT1/cmr/m/n/12 (\OML/cmm/m/it/12 A[]\OT1/cmr/m/n/12 ) \OMS/cmsy/m/n/12 ^^Q \OT1/cmr/m/n/12 ([][](\OML/cmm/m/it/12 A[]\OT1/cmr/m/n/12 ))[]$. The co-vari-ance $[][](\OML/cmm/m/it/12 A[]\OT1/cmr/m/n/12 )$
 []

[10]
Overfull \hbox (0.5637pt too wide) in paragraph at lines 447--448
[]\OT1/cmr/m/it/12 Suppose As-sump-tion [][]3[][] holds. Then, $[]\OT1/cmr/m/n/12 ([](\OML/cmm/m/it/12 s\OT1/cmr/m/n/12 ) \OMS/cmsy/m/n/12 ^^@ \U/msb/m/n/12 E\OT1/cmr/m/n/12 [\OML/cmm/m/it/12 Y[]\OT1/cmr/m/n/12 (\OML/cmm/m/it/12 s\OT1/cmr/m/n/12 )])$ \OT1/cmr/m/it/12 con-verges weakly
 []


Overfull \hbox (0.5637pt too wide) in paragraph at lines 448--449
[]\OT1/cmr/m/it/12 Suppose As-sump-tion [][]4[][] holds. Then, $[]\OT1/cmr/m/n/12 ([](\OML/cmm/m/it/12 s\OT1/cmr/m/n/12 ) \OMS/cmsy/m/n/12 ^^@ \U/msb/m/n/12 E\OT1/cmr/m/n/12 [\OML/cmm/m/it/12 Y[]\OT1/cmr/m/n/12 (\OML/cmm/m/it/12 s\OT1/cmr/m/n/12 )])$ \OT1/cmr/m/it/12 con-verges weakly
 []

[11] [12]
<figures-and-tables/auxiliary/asymptotic_distribution.pdf, id=664, 433.62pt x 144.54pt>
File: figures-and-tables/auxiliary/asymptotic_distribution.pdf Graphic file (type pdf)
<use figures-and-tables/auxiliary/asymptotic_distribution.pdf>
Package pdftex.def Info: figures-and-tables/auxiliary/asymptotic_distribution.pdf  used on input line 503.
(pdftex.def)             Requested size: 372.73872pt x 124.25343pt.
 [13] [14 <./figures-and-tables/auxiliary/asymptotic_distribution.pdf>]
Overfull \hbox (0.31335pt too wide) in paragraph at lines 539--540
 []\OT1/cmr/bx/n/12 Batched ban-dit ex-per-i-ments.[] \OT1/cmr/m/n/12 Batched ban-dit ex-per-i-ments typ-i-cally em-ploy adap-
 []

[15] [16] [17] [18]
<figures-and-tables/simulation/thompson_qq_plot.pdf, id=790, 578.16pt x 650.43pt>
File: figures-and-tables/simulation/thompson_qq_plot.pdf Graphic file (type pdf)
<use figures-and-tables/simulation/thompson_qq_plot.pdf>
Package pdftex.def Info: figures-and-tables/simulation/thompson_qq_plot.pdf  used on input line 692.
(pdftex.def)             Requested size: 416.586pt x 468.6566pt.
<figures-and-tables/simulation/thompson_rejection_plot.pdf, id=791, 578.16pt x 650.43pt>
File: figures-and-tables/simulation/thompson_rejection_plot.pdf Graphic file (type pdf)
<use figures-and-tables/simulation/thompson_rejection_plot.pdf>
Package pdftex.def Info: figures-and-tables/simulation/thompson_rejection_plot.pdf  used on input line 700.
(pdftex.def)             Requested size: 416.586pt x 468.6566pt.
 [19 <./figures-and-tables/simulation/thompson_qq_plot.pdf>] [20 <./figures-and-tables/simulation/thompson_rejection_plot.pdf>] [21]
<figures-and-tables/realdata/rejection_plot.pdf, id=840, 578.16pt x 289.08pt>
File: figures-and-tables/realdata/rejection_plot.pdf Graphic file (type pdf)
<use figures-and-tables/realdata/rejection_plot.pdf>
Package pdftex.def Info: figures-and-tables/realdata/rejection_plot.pdf  used on input line 744.
(pdftex.def)             Requested size: 394.65901pt x 197.32607pt.
 [22 <./figures-and-tables/realdata/rejection_plot.pdf>] [23] [24]
Overfull \hbox (24.85704pt too wide) in paragraph at lines 778--778
[][]\OT1/cmr/m/n/12 Che, Ethan, Daniel R Jiang, Hongseok Namkoong, and Jimmy Wang (2024). ``Optimization-
 []


Overfull \hbox (2.7041pt too wide) in paragraph at lines 778--778
\OT1/cmr/m/n/12 com-pu-ta-tional frame-work for flex-i-ble batches''. In: \OT1/cmr/m/it/12 arXiv preprint arXiv:2303.11582\OT1/cmr/m/n/12 . 
 []


Overfull \hbox (4.1402pt too wide) in paragraph at lines 778--778
\OT1/cmr/m/n/12 ti-ma-tion con-sid-er-a-tions in con-tex-tual ban-dits''. In: \OT1/cmr/m/it/12 arXiv preprint arXiv:1711.07077\OT1/cmr/m/n/12 . 
 []


Overfull \hbox (57.6672pt too wide) in paragraph at lines 778--778
\OT1/cmr/m/n/12 drugs and bi-o-log-ics''. In: \OT1/cmr/m/it/12 Guid-ance for in-dus-try< https://www. fda. gov/media/78495/download\OT1/cmr/m/n/12 . 
 []

[25] [26] [27]
Overfull \hbox (2.56151pt too wide) in paragraph at lines 778--778
\OT1/cmr/m/n/12 Scale CRISPR Screens in Sin-gle Cells''. In: \OT1/cmr/m/it/12 An-nual Re-view of Ge-net-ics \OT1/cmr/m/n/12 57.1, pp. 223{
 []

[28] (./AdaInf-manuscript.toc [29

])
\tf@toc=\write5
\openout5 = `AdaInf-manuscript.toc'.

 [30] [31]
Overfull \hbox (7.01668pt too wide) in paragraph at lines 912--912
[]\OT1/cmr/bx/n/17.28 Intuition from data col-lec-tion and double-dipping 
 []

[32]

Package hyperref Warning: Token not allowed in a PDF string (Unicode):
(hyperref)                removing `\citet' on input line 930.

[33]

Package hyperref Warning: Token not allowed in a PDF string (Unicode):
(hyperref)                removing `\citet' on input line 954.

[34]
<figures-and-tables/auxiliary/failure_Hadad.pdf, id=1111, 433.62pt x 216.81pt>
File: figures-and-tables/auxiliary/failure_Hadad.pdf Graphic file (type pdf)
<use figures-and-tables/auxiliary/failure_Hadad.pdf>
Package pdftex.def Info: figures-and-tables/auxiliary/failure_Hadad.pdf  used on input line 989.
(pdftex.def)             Requested size: 416.586pt x 208.30394pt.


Package hyperref Warning: Token not allowed in a PDF string (Unicode):
(hyperref)                removing `\citet' on input line 996.

[35 <./figures-and-tables/auxiliary/failure_Hadad.pdf>]

Package hyperref Warning: Token not allowed in a PDF string (Unicode):
(hyperref)                removing `\citet' on input line 1000.

[36] [37] [38] [39] [40] [41]
Overfull \hbox (11.20476pt too wide) in paragraph at lines 1318--1320
\OT1/cmr/m/it/12 almost surely and the con-stant $\OML/cmm/m/it/12 C$ \OT1/cmr/m/it/12 only de-pends on the limit of the mo-ments $[][] \U/msb/m/n/12 E\OT1/cmr/m/n/12 [\OML/cmm/m/it/12 X[]\OT1/cmr/m/n/12 ]$
 []

[42] [43] [44] [45] [46] [47]
Overfull \hbox (1.1039pt too wide) in paragraph at lines 1650--1651
 []\OT1/cmr/bx/n/12 Proof for $\OML/cmm/m/it/12 V[]\OT1/cmr/m/n/12 (\OML/cmm/m/it/12 s; x\OT1/cmr/m/n/12 )$\OT1/cmr/bx/n/12 :[] \OT1/cmr/m/n/12 Re-call the def-i-ni-tion $\OML/cmm/m/it/12 V[]\OT1/cmr/m/n/12 (\OML/cmm/m/it/12 s; x[]\OT1/cmr/m/n/12 ) = \U/msb/m/n/12 E\OT1/cmr/m/n/12 [\OML/cmm/m/it/12 Y[]\OT1/cmr/m/n/12 (\OML/cmm/m/it/12 s\OT1/cmr/m/n/12 )] \OMS/cmsy/m/n/12 ^^@ \OML/cmm/m/it/12 H[]\OT1/cmr/m/n/12 (\OML/cmm/m/it/12 s; x[]\OT1/cmr/m/n/12 )\U/msb/m/n/12 E\OT1/cmr/m/n/12 [\OML/cmm/m/it/12 Y[]\OT1/cmr/m/n/12 (\OML/cmm/m/it/12 s\OT1/cmr/m/n/12 )][]$
 []

[48] [49] [50]
Overfull \hbox (0.50606pt too wide) in paragraph at lines 1799--1800
[]\OT1/cmr/m/n/12 Proofs for both weight-ing choices in The-o-rem [][]1[][] fol-low from the same proof roadmap.
 []

[51] [52]
Overfull \hbox (9.32507pt too wide) in paragraph at lines 1878--1879
[]$\OML/cmm/m/it/12 W[]\OT1/cmr/m/n/12 (\OML/cmm/m/it/12 s\OT1/cmr/m/n/12 ) \OMS/cmsy/m/n/12 ^^Q [][] []\OT1/cmr/m/n/12 (\OML/cmm/m/it/12 s; \OMS/cmsy/m/n/12 H[]\OT1/cmr/m/n/12 )([] \OMS/cmsy/m/n/12 ^^@ \U/msb/m/n/12 E\OT1/cmr/m/n/12 [\OML/cmm/m/it/12 Y[]\OT1/cmr/m/n/12 (\OML/cmm/m/it/12 s\OT1/cmr/m/n/12 )])[]\OML/cmm/m/it/12 =N[]$ \OT1/cmr/m/it/12 is asymp-tot-i-cally lower bounded; 
 []

[53] [54] [55]
Overfull \hbox (25.63022pt too wide) in paragraph at lines 2085--2087
\OT1/cmr/m/it/12 where $\OMS/cmsy/m/n/12 H[]$ \OT1/cmr/m/it/12 is the $\OML/cmm/m/it/12 ^^[$\OT1/cmr/m/it/12 -algebra gen-er-ated by the data in first batch $\OT1/cmr/m/n/12 (\OML/cmm/m/it/12 A[]; Y[]\OT1/cmr/m/n/12 )\OML/cmm/m/it/12 ; [] ; \OT1/cmr/m/n/12 (\OML/cmm/m/it/12 A[]; Y[]\OT1/cmr/m/n/12 )$\OT1/cmr/m/it/12 . 
 []

[56]
Overfull \hbox (21.28958pt too wide) detected at line 2144
[]
 []

[57] [58] [59]
Overfull \hbox (3.24004pt too wide) detected at line 2261
[]
 []

[60] [61]
Overfull \hbox (18.42946pt too wide) detected at line 2364
[]
 []


Overfull \hbox (2.46765pt too wide) detected at line 2379
[]
 []

[62] [63]
Overfull \hbox (14.66556pt too wide) detected at line 2473
[]
 []


Overfull \hbox (8.13823pt too wide) detected at line 2478
[]
 []


Overfull \hbox (2.31256pt too wide) in paragraph at lines 2478--2480
\OT1/cmr/m/n/12 Then with $\OML/cmm/m/it/12 V[]\OT1/cmr/m/n/12 (\OML/cmm/m/it/12 s; \OMS/cmsy/m/n/12 ^^@1\OT1/cmr/m/n/12 )\OML/cmm/m/it/12 ; H[]\OT1/cmr/m/n/12 (\OML/cmm/m/it/12 s; \OMS/cmsy/m/n/12 ^^@1\OT1/cmr/m/n/12 )$, we can de-fine the cor-re-spond-ing weight $\OML/cmm/m/it/12 w[]\OT1/cmr/m/n/12 (\OML/cmm/m/it/12 s\OT1/cmr/m/n/12 ) \OMS/cmsy/m/n/12 ^^Q
 []

[64]
Overfull \hbox (15.96373pt too wide) detected at line 2554
[]
 []

[65]
Overfull \hbox (6.28993pt too wide) detected at line 2587
[]
 []


Overfull \hbox (7.88484pt too wide) in paragraph at lines 2591--2593
\OT1/cmr/m/n/12 This is true by dom-i-nated con-ver-gence the-o-rem since $[](\OML/cmm/m/it/12 s; S\OT1/cmr/m/n/12 ((\OML/cmm/m/it/12 A[]; V[]\OT1/cmr/m/n/12 )\OML/cmm/m/it/12 ; c\OT1/cmr/m/n/12 )) \OMS/cmsy/m/n/12 ^^@ []\OT1/cmr/m/n/12 (\OML/cmm/m/it/12 s; \OMS/cmsy/m/n/12 ^^@1\OT1/cmr/m/n/12 ) \OMS/cmsy/m/n/12 !
 []

[66]
Overfull \hbox (2.81737pt too wide) in paragraph at lines 2617--2619
\OT1/cmr/m/n/12 and the vari-ance func-tion is de-fined as $[](\OML/cmm/m/it/12 s; x\OT1/cmr/m/n/12 ) \OMS/cmsy/m/n/12 ^^Q []\OT1/cmr/m/n/12 [\OML/cmm/m/it/12 Y[]\OT1/cmr/m/n/12 (\OML/cmm/m/it/12 s\OT1/cmr/m/n/12 )] \OMS/cmsy/m/n/12 ^^@ []\OT1/cmr/m/n/12 (\OML/cmm/m/it/12 s; x\OT1/cmr/m/n/12 )([][\OML/cmm/m/it/12 Y[]\OT1/cmr/m/n/12 (\OML/cmm/m/it/12 s\OT1/cmr/m/n/12 )])[]$.
 []

[67] [68]

Package hyperref Warning: Token not allowed in a PDF string (Unicode):
(hyperref)                removing `math shift' on input line 2756.


Package hyperref Warning: Token not allowed in a PDF string (Unicode):
(hyperref)                removing `math shift' on input line 2756.

[69] [70] [71] [72] [73] [74]

Package hyperref Warning: Token not allowed in a PDF string (Unicode):
(hyperref)                removing `math shift' on input line 2963.


Package hyperref Warning: Token not allowed in a PDF string (Unicode):
(hyperref)                removing `\varepsilon' on input line 2963.


Package hyperref Warning: Token not allowed in a PDF string (Unicode):
(hyperref)                removing `math shift' on input line 2963.

<figures-and-tables/simulation/eps_greedy_qq_plot.pdf, id=1773, 578.16pt x 650.43pt>
File: figures-and-tables/simulation/eps_greedy_qq_plot.pdf Graphic file (type pdf)
<use figures-and-tables/simulation/eps_greedy_qq_plot.pdf>
Package pdftex.def Info: figures-and-tables/simulation/eps_greedy_qq_plot.pdf  used on input line 2969.
(pdftex.def)             Requested size: 407.81387pt x 458.7914pt.
<figures-and-tables/simulation/eps_greedy_rejection_plot.pdf, id=1774, 578.16pt x 650.43pt>
File: figures-and-tables/simulation/eps_greedy_rejection_plot.pdf Graphic file (type pdf)
<use figures-and-tables/simulation/eps_greedy_rejection_plot.pdf>
Package pdftex.def Info: figures-and-tables/simulation/eps_greedy_rejection_plot.pdf  used on input line 2977.
(pdftex.def)             Requested size: 407.81387pt x 458.7914pt.
[75 <./figures-and-tables/simulation/eps_greedy_qq_plot.pdf>]

Package hyperref Warning: Token not allowed in a PDF string (Unicode):
(hyperref)                removing `math shift' on input line 2985.


Package hyperref Warning: Token not allowed in a PDF string (Unicode):
(hyperref)                removing `math shift' on input line 2985.


Package hyperref Warning: Token not allowed in a PDF string (Unicode):
(hyperref)                removing `math shift' on input line 2985.


Package hyperref Warning: Token not allowed in a PDF string (Unicode):
(hyperref)                removing `math shift' on input line 2985.

[76 <./figures-and-tables/simulation/eps_greedy_rejection_plot.pdf>]
<figures-and-tables/simulation/rejection_plot_power_comparison.pdf, id=1806, 578.16pt x 216.81pt>
File: figures-and-tables/simulation/rejection_plot_power_comparison.pdf Graphic file (type pdf)
<use figures-and-tables/simulation/rejection_plot_power_comparison.pdf>
Package pdftex.def Info: figures-and-tables/simulation/rejection_plot_power_comparison.pdf  used on input line 3007.
(pdftex.def)             Requested size: 434.13026pt x 162.79897pt.
 [77 <./figures-and-tables/simulation/rejection_plot_power_comparison.pdf>]
<figures-and-tables/realdata/qq_plot.pdf, id=1824, 578.16pt x 289.08pt>
File: figures-and-tables/realdata/qq_plot.pdf Graphic file (type pdf)
<use figures-and-tables/realdata/qq_plot.pdf>
Package pdftex.def Info: figures-and-tables/realdata/qq_plot.pdf  used on input line 3022.
(pdftex.def)             Requested size: 416.586pt x 208.29181pt.
 [78

 <./figures-and-tables/realdata/qq_plot.pdf>] (./AdaInf-manuscript.aux)
Package rerunfilecheck Info: File `AdaInf-manuscript.out' has not changed.
(rerunfilecheck)             Checksum: 7BDFCAC3240A513DB8E4C2223A0F5F4C;15714.
Package logreq Info: Writing requests to 'AdaInf-manuscript.run.xml'.
\openout1 = `AdaInf-manuscript.run.xml'.

 ) 
Here is how much of TeX's memory you used:
 24262 strings out of 476025
 430775 string characters out of 5790017
 1873388 words of memory out of 5000000
 43883 multiletter control sequences out of 15000+600000
 536412 words of font info for 125 fonts, out of 8000000 for 9000
 1141 hyphenation exceptions out of 8191
 75i,16n,76p,1972b,1636s stack positions out of 10000i,1000n,20000p,200000b,200000s
 </Users/ziangniu/Library/texlive/2023/texmf-var/fonts/pk/ljfour/public/bbm/bbm8.600pk> </Users/ziangniu/Library/texlive/2023/texmf-var/fonts/pk/ljfour/public/bbm/bbm10.657pk> </Users/ziangniu/Library/texlive/2023/texmf-var/fonts/pk/ljfour/public/bbm/bbm12.600pk></usr/local/texlive/2023/texmf-dist/fonts/type1/public/amsfonts/cm/cmbx10.pfb></usr/local/texlive/2023/texmf-dist/fonts/type1/public/amsfonts/cm/cmbx12.pfb></usr/local/texlive/2023/texmf-dist/fonts/type1/public/amsfonts/cm/cmbx8.pfb></usr/local/texlive/2023/texmf-dist/fonts/type1/public/amsfonts/cm/cmbxti10.pfb></usr/local/texlive/2023/texmf-dist/fonts/type1/public/amsfonts/cm/cmex10.pfb></usr/local/texlive/2023/texmf-dist/fonts/type1/public/amsfonts/cm/cmmi10.pfb></usr/local/texlive/2023/texmf-dist/fonts/type1/public/amsfonts/cm/cmmi12.pfb></usr/local/texlive/2023/texmf-dist/fonts/type1/public/amsfonts/cm/cmmi6.pfb></usr/local/texlive/2023/texmf-dist/fonts/type1/public/amsfonts/cm/cmmi7.pfb></usr/local/texlive/2023/texmf-dist/fonts/type1/public/amsfonts/cm/cmmi8.pfb></usr/local/texlive/2023/texmf-dist/fonts/type1/public/amsfonts/cm/cmmib10.pfb></usr/local/texlive/2023/texmf-dist/fonts/type1/public/amsfonts/cm/cmr10.pfb></usr/local/texlive/2023/texmf-dist/fonts/type1/public/amsfonts/cm/cmr12.pfb></usr/local/texlive/2023/texmf-dist/fonts/type1/public/amsfonts/cm/cmr17.pfb></usr/local/texlive/2023/texmf-dist/fonts/type1/public/amsfonts/cm/cmr6.pfb></usr/local/texlive/2023/texmf-dist/fonts/type1/public/amsfonts/cm/cmr7.pfb></usr/local/texlive/2023/texmf-dist/fonts/type1/public/amsfonts/cm/cmr8.pfb></usr/local/texlive/2023/texmf-dist/fonts/type1/public/amsfonts/cm/cmsy10.pfb></usr/local/texlive/2023/texmf-dist/fonts/type1/public/amsfonts/cm/cmsy6.pfb></usr/local/texlive/2023/texmf-dist/fonts/type1/public/amsfonts/cm/cmsy8.pfb></usr/local/texlive/2023/texmf-dist/fonts/type1/public/amsfonts/cm/cmti10.pfb></usr/local/texlive/2023/texmf-dist/fonts/type1/public/amsfonts/cm/cmti12.pfb></usr/local/texlive/2023/texmf-dist/fonts/type1/public/amsfonts/cm/cmtt12.pfb></usr/local/texlive/2023/texmf-dist/fonts/type1/public/amsfonts/symbols/msam10.pfb></usr/local/texlive/2023/texmf-dist/fonts/type1/public/amsfonts/symbols/msbm10.pfb></usr/local/texlive/2023/texmf-dist/fonts/type1/public/cm-super/sfrm1200.pfb></usr/local/texlive/2023/texmf-dist/fonts/type1/public/cm-super/sfti1200.pfb>
Output written on AdaInf-manuscript.pdf (78 pages, 2697783 bytes).
PDF statistics:
 2072 PDF objects out of 2073 (max. 8388607)
 1853 compressed objects within 19 object streams
 494 named destinations out of 1000 (max. 500000)
 635 words of extra memory for PDF output out of 10000 (max. 10000000)

