\BOOKMARK [1][-]{section.1}{\376\377\000I\000n\000t\000r\000o\000d\000u\000c\000t\000i\000o\000n}{}% 1
\BOOKMARK [2][-]{subsection.1.1}{\376\377\000R\000e\000l\000e\000v\000a\000n\000t\000\040\000l\000i\000t\000e\000r\000a\000t\000u\000r\000e}{section.1}% 2
\BOOKMARK [2][-]{subsection.1.2}{\376\377\000O\000u\000r\000\040\000c\000o\000n\000t\000r\000i\000b\000u\000t\000i\000o\000n\000s}{section.1}% 3
\BOOKMARK [2][-]{subsection.1.3}{\376\377\000O\000r\000g\000a\000n\000i\000z\000a\000t\000i\000o\000n\000\040\000o\000f\000\040\000t\000h\000e\000\040\000p\000a\000p\000e\000r}{section.1}% 4
\BOOKMARK [1][-]{section.2}{\376\377\000D\000a\000t\000a\000\040\000g\000e\000n\000e\000r\000a\000t\000i\000n\000g\000\040\000p\000r\000o\000c\000e\000d\000u\000r\000e\000\040\000a\000n\000d\000\040\000t\000e\000s\000t\000\040\000s\000t\000a\000t\000i\000s\000t\000i\000c}{}% 5
\BOOKMARK [2][-]{subsection.2.1}{\376\377\000T\000w\000o\000-\000s\000t\000a\000g\000e\000\040\000a\000d\000a\000p\000t\000i\000v\000e\000\040\000d\000a\000t\000a\000\040\000c\000o\000l\000l\000e\000c\000t\000i\000o\000n}{section.2}% 6
\BOOKMARK [2][-]{subsection.2.2}{\376\377\000W\000e\000i\000g\000h\000t\000e\000d\000\040\000I\000P\000W\000\040\000t\000e\000s\000t\000\040\000s\000t\000a\000t\000i\000s\000t\000i\000c}{section.2}% 7
\BOOKMARK [1][-]{section.3}{\376\377\000T\000h\000e\000o\000r\000e\000t\000i\000c\000a\000l\000\040\000r\000e\000s\000u\000l\000t\000s}{}% 8
\BOOKMARK [2][-]{subsection.3.1}{\376\377\000G\000e\000n\000e\000r\000a\000l\000\040\000t\000h\000e\000o\000r\000y\000:\000\040\000s\000i\000g\000n\000a\000l\000-\000d\000e\000p\000e\000n\000d\000e\000n\000t\000\040\000w\000e\000a\000k\000\040\000l\000i\000m\000i\000t\000s}{section.3}% 9
\BOOKMARK [2][-]{subsection.3.2}{\376\377\000R\000e\000m\000a\000r\000k\000s\000\040\000o\000n\000\040\000t\000h\000e\000\040\000a\000s\000s\000u\000m\000p\000t\000i\000o\000n\000s\000\040\000a\000n\000d\000\040\000t\000e\000c\000h\000n\000i\000c\000a\000l\000\040\000c\000h\000a\000l\000l\000e\000n\000g\000e\000s}{section.3}% 10
\BOOKMARK [2][-]{subsection.3.3}{\376\377\000P\000h\000a\000s\000e\000\040\000t\000r\000a\000n\000s\000i\000t\000i\000o\000n\000\040\000a\000n\000d\000\040\000i\000m\000p\000l\000i\000c\000a\000t\000i\000o\000n\000\040\000o\000n\000\040\000h\000y\000p\000o\000t\000h\000e\000s\000i\000s\000\040\000t\000e\000s\000t\000i\000n\000g}{section.3}% 11
\BOOKMARK [2][-]{subsection.3.4}{\376\377\000C\000a\000s\000e\000\040\000s\000t\000u\000d\000y\000:\000\040\000a\000p\000p\000l\000i\000c\000a\000t\000i\000o\000n\000\040\000t\000o\000\040\000d\000i\000f\000f\000e\000r\000e\000n\000t\000\040\000a\000d\000a\000p\000t\000i\000v\000e\000\040\000e\000x\000p\000e\000r\000i\000m\000e\000n\000t\000s}{section.3}% 12
\BOOKMARK [2][-]{subsection.3.5}{\376\377\000A\000s\000y\000m\000p\000t\000o\000t\000i\000c\000a\000l\000l\000y\000\040\000v\000a\000l\000i\000d\000\040\000t\000e\000s\000t\000s\000\040\000w\000i\000t\000h\000\040\000p\000l\000u\000g\000-\000i\000n\000\040\000b\000o\000o\000t\000s\000t\000r\000a\000p}{section.3}% 13
\BOOKMARK [1][-]{section.4}{\376\377\000F\000i\000n\000i\000t\000e\000-\000s\000a\000m\000p\000l\000e\000\040\000e\000v\000a\000l\000u\000a\000t\000i\000o\000n}{}% 14
\BOOKMARK [2][-]{subsection.4.1}{\376\377\000N\000u\000m\000e\000r\000i\000c\000a\000l\000\040\000s\000i\000m\000u\000l\000a\000t\000i\000o\000n}{section.4}% 15
\BOOKMARK [2][-]{subsection.4.2}{\376\377\000S\000e\000m\000i\000-\000s\000y\000n\000t\000h\000e\000t\000i\000c\000\040\000d\000a\000t\000a\000\040\000a\000n\000a\000l\000y\000s\000i\000s}{section.4}% 16
\BOOKMARK [1][-]{section.5}{\376\377\000C\000o\000n\000c\000l\000u\000s\000i\000o\000n\000\040\000a\000n\000d\000\040\000d\000i\000s\000c\000u\000s\000s\000i\000o\000n}{}% 17
\BOOKMARK [1][-]{appendix.A}{\376\377\000E\000x\000p\000l\000i\000c\000i\000t\000\040\000f\000o\000r\000m\000\040\000o\000f\000\040\000t\000h\000e\000\040\000a\000s\000y\000m\000p\000t\000o\000t\000i\000c\000\040\000d\000i\000s\000t\000r\000i\000b\000u\000t\000i\000o\000n\000s}{}% 18
\BOOKMARK [1][-]{appendix.B}{\376\377\000S\000i\000m\000u\000l\000a\000t\000i\000o\000n\000\040\000d\000e\000t\000a\000i\000l\000\040\000f\000o\000r\000\040\000F\000i\000g\000u\000r\000e\000s\000\040\0001\000-\0002}{}% 19
\BOOKMARK [1][-]{appendix.C}{\376\377\000D\000e\000t\000a\000i\000l\000s\000\040\000o\000f\000\040\000b\000o\000o\000t\000s\000t\000r\000a\000p\000\040\000a\000l\000g\000o\000r\000i\000t\000h\000m\000\040\000i\000n\000\040\000S\000e\000c\000t\000i\000o\000n\000\040\0003\000.\0005}{}% 20
\BOOKMARK [2][-]{subsection.C.1}{\376\377\000N\000u\000i\000s\000a\000n\000c\000e\000\040\000p\000a\000r\000a\000m\000e\000t\000e\000r\000\040\000e\000s\000t\000i\000m\000a\000t\000i\000o\000n}{appendix.C}% 21
\BOOKMARK [2][-]{subsection.C.2}{\376\377\000B\000o\000o\000t\000s\000t\000r\000a\000p\000\040\000a\000l\000g\000o\000r\000i\000t\000h\000m}{appendix.C}% 22
\BOOKMARK [1][-]{appendix.D}{\376\377\000I\000n\000t\000u\000i\000t\000i\000o\000n\000\040\000f\000r\000o\000m\000\040\000d\000a\000t\000a\000\040\000c\000o\000l\000l\000e\000c\000t\000i\000o\000n\000\040\000a\000n\000d\000\040\000d\000o\000u\000b\000l\000e\000-\000d\000i\000p\000p\000i\000n\000g}{}% 23
\BOOKMARK [1][-]{appendix.E}{\376\377\000A\000\040\000c\000l\000o\000s\000e\000r\000\040\000l\000o\000o\000k\000\040\000a\000t\000\040\000l\000i\000t\000e\000r\000a\000t\000u\000r\000e}{}% 24
\BOOKMARK [2][-]{subsection.E.1}{\376\377\000I\000n\000v\000e\000s\000t\000i\000g\000a\000t\000i\000n\000g\000\040\000Z\000h\000a\000n\000g\0002\0000\0002\0000}{appendix.E}% 25
\BOOKMARK [2][-]{subsection.E.2}{\376\377\000I\000n\000v\000e\000s\000t\000i\000g\000a\000t\000i\000n\000g\000\040\000H\000a\000d\000a\000d\0002\0000\0002\0001}{appendix.E}% 26
\BOOKMARK [2][-]{subsection.E.3}{\376\377\000I\000n\000v\000e\000s\000t\000i\000g\000a\000t\000i\000n\000g\000\040\000H\000i\000r\000a\000n\000o\0002\0000\0002\0003\000,\000a\000d\000u\000s\000u\000m\000i\000l\000l\000i\0002\0000\0002\0003\000o\000p\000t\000i\000m\000a\000l}{appendix.E}% 27
\BOOKMARK [2][-]{subsection.E.4}{\376\377\000I\000n\000v\000e\000s\000t\000i\000g\000a\000t\000i\000n\000g\000\040\000c\000h\000e\0002\0000\0002\0003\000a\000d\000a\000p\000t\000i\000v\000e}{appendix.E}% 28
\BOOKMARK [1][-]{appendix.F}{\376\377\000P\000r\000o\000b\000a\000b\000i\000l\000i\000s\000t\000i\000c\000\040\000p\000r\000e\000l\000i\000m\000i\000n\000a\000r\000i\000e\000s}{}% 29
\BOOKMARK [2][-]{subsection.F.1}{\376\377\000B\000o\000u\000n\000d\000e\000d\000\040\000L\000i\000p\000s\000c\000h\000i\000t\000z\000\040\000t\000e\000s\000t\000\040\000f\000u\000n\000c\000t\000i\000o\000n\000\040\000c\000l\000a\000s\000s}{appendix.F}% 30
\BOOKMARK [2][-]{subsection.F.2}{\376\377\000P\000r\000e\000l\000i\000m\000i\000n\000a\000r\000i\000e\000s\000\040\000o\000n\000\040\000r\000e\000g\000u\000l\000a\000r\000\040\000c\000o\000n\000d\000i\000t\000i\000o\000n\000a\000l\000\040\000d\000i\000s\000t\000r\000i\000b\000u\000t\000i\000o\000n}{appendix.F}% 31
\BOOKMARK [2][-]{subsection.F.3}{\376\377\000D\000e\000f\000i\000n\000i\000t\000i\000o\000n\000\040\000o\000f\000\040\000c\000o\000n\000d\000i\000t\000i\000o\000n\000a\000l\000\040\000c\000o\000n\000v\000e\000r\000g\000e\000n\000c\000e}{appendix.F}% 32
\BOOKMARK [2][-]{subsection.F.4}{\376\377\000P\000r\000o\000o\000f\000\040\000o\000f\000\040\000L\000e\000m\000m\000a\000\040\0004}{appendix.F}% 33
\BOOKMARK [2][-]{subsection.F.5}{\376\377\000P\000r\000o\000o\000f\000\040\000o\000f\000\040\000L\000e\000m\000m\000a\000\040\0007}{appendix.F}% 34
\BOOKMARK [1][-]{appendix.G}{\376\377\000U\000s\000e\000f\000u\000l\000\040\000l\000e\000m\000m\000a\000s\000\040\000a\000n\000d\000\040\000t\000h\000e\000\040\000p\000r\000o\000o\000f\000s}{}% 35
\BOOKMARK [2][-]{subsection.G.1}{\376\377\000L\000e\000m\000m\000a\000\040\000s\000t\000a\000t\000e\000m\000e\000n\000t\000s}{appendix.G}% 36
\BOOKMARK [2][-]{subsection.G.2}{\376\377\000P\000r\000o\000o\000f\000\040\000o\000f\000\040\000L\000e\000m\000m\000a\000\040\0001\0003}{appendix.G}% 37
\BOOKMARK [2][-]{subsection.G.3}{\376\377\000P\000r\000o\000o\000f\000\040\000o\000f\000\040\000L\000e\000m\000m\000a\000\040\0001\0004}{appendix.G}% 38
\BOOKMARK [1][-]{appendix.H}{\376\377\000N\000e\000w\000\040\000r\000e\000s\000u\000l\000t\000s\000\040\000o\000n\000\040\000c\000o\000n\000d\000i\000t\000i\000o\000n\000a\000l\000\040\000C\000L\000T\000\040\000a\000n\000d\000\040\000C\000M\000T}{}% 39
\BOOKMARK [2][-]{subsection.H.1}{\376\377\000A\000\040\000n\000e\000w\000\040\000c\000o\000n\000d\000i\000t\000i\000o\000n\000a\000l\000\040\000C\000L\000T}{appendix.H}% 40
\BOOKMARK [2][-]{subsection.H.2}{\376\377\000N\000e\000w\000\040\000c\000o\000n\000d\000i\000t\000i\000o\000n\000a\000l\000\040\000C\000M\000T\000\040\000r\000e\000s\000u\000l\000t\000s}{appendix.H}% 41
\BOOKMARK [2][-]{subsection.H.3}{\376\377\000P\000r\000o\000o\000f\000\040\000o\000f\000\040\000L\000e\000m\000m\000a\000\040\0001\0005}{appendix.H}% 42
\BOOKMARK [2][-]{subsection.H.4}{\376\377\000P\000r\000o\000o\000f\000\040\000o\000f\000\040\000L\000e\000m\000m\000a\000\040\0001\0007}{appendix.H}% 43
\BOOKMARK [2][-]{subsection.H.5}{\376\377\000P\000r\000o\000o\000f\000\040\000o\000f\000\040\000L\000e\000m\000m\000a\000\040\0001\0008}{appendix.H}% 44
\BOOKMARK [1][-]{appendix.I}{\376\377\000P\000r\000e\000p\000a\000r\000a\000t\000i\000o\000n\000\040\000f\000o\000r\000\040\000t\000h\000e\000\040\000p\000r\000o\000o\000f\000\040\000o\000f\000\040\000T\000h\000e\000o\000r\000e\000m\000\040\0001}{}% 45
\BOOKMARK [2][-]{subsection.I.1}{\376\377\000A\000u\000x\000i\000l\000i\000a\000r\000y\000\040\000d\000e\000f\000i\000n\000i\000t\000i\000o\000n\000s\000\040\000f\000o\000r\000\040\000t\000h\000e\000\040\000p\000r\000o\000o\000f\000\040\000o\000f\000\040\000T\000h\000e\000o\000r\000e\000m\000\040\0001}{appendix.I}% 46
\BOOKMARK [2][-]{subsection.I.2}{\376\377\000G\000e\000n\000e\000r\000i\000c\000\040\000l\000e\000m\000m\000a\000s\000\040\000o\000n\000\040\000t\000h\000e\000\040\000r\000a\000n\000d\000o\000m\000\040\000f\000u\000n\000c\000t\000i\000o\000n\000s}{appendix.I}% 47
\BOOKMARK [2][-]{subsection.I.3}{\376\377\000P\000r\000o\000o\000f\000\040\000o\000f\000\040\000L\000e\000m\000m\000a\000\040\0001\0009}{appendix.I}% 48
\BOOKMARK [2][-]{subsection.I.4}{\376\377\000P\000r\000o\000o\000f\000\040\000o\000f\000\040\000L\000e\000m\000m\000a\000\040\0002\0000}{appendix.I}% 49
\BOOKMARK [1][-]{appendix.J}{\376\377\000P\000r\000o\000o\000f\000\040\000o\000f\000\040\000T\000h\000e\000o\000r\000e\000m\000\040\0001}{}% 50
\BOOKMARK [2][-]{subsection.J.1}{\376\377\000G\000e\000n\000e\000r\000a\000l\000\040\000p\000r\000o\000o\000f\000\040\000r\000o\000a\000d\000m\000a\000p\000\040\000f\000o\000r\000\040\000w\000e\000a\000k\000\040\000c\000o\000n\000v\000e\000r\000g\000e\000n\000c\000e\000\040\000r\000e\000s\000u\000l\000t}{appendix.J}% 51
\BOOKMARK [2][-]{subsection.J.2}{\376\377\000P\000r\000o\000o\000f\000\040\000o\000f\000\040\000S\000t\000e\000p\000\040\0001\000\040\000i\000n\000\040\000A\000p\000p\000e\000n\000d\000i\000x\000\040\000J\000.\0001}{appendix.J}% 52
\BOOKMARK [2][-]{subsection.J.3}{\376\377\000P\000r\000o\000o\000f\000\040\000o\000f\000\040\000S\000t\000e\000p\000\040\0002\000\040\000i\000n\000\040\000A\000p\000p\000e\000n\000d\000i\000x\000\040\000J\000.\0001}{appendix.J}% 53
\BOOKMARK [1][-]{appendix.K}{\376\377\000P\000r\000o\000o\000f\000\040\000o\000f\000\040\000l\000e\000m\000m\000a\000s\000\040\000i\000n\000\040\000A\000p\000p\000e\000n\000d\000i\000x\000\040\000J}{}% 54
\BOOKMARK [2][-]{subsection.K.1}{\376\377\000P\000r\000o\000o\000f\000\040\000o\000f\000\040\000l\000e\000m\000m\000a\000s\000\040\000i\000n\000\040\000A\000p\000p\000e\000n\000d\000i\000x\000\040\000J\000.\0001}{appendix.K}% 55
\BOOKMARK [2][-]{subsection.K.2}{\376\377\000P\000r\000o\000o\000f\000\040\000o\000f\000\040\000l\000e\000m\000m\000a\000s\000\040\000i\000n\000\040\000A\000p\000p\000e\000n\000d\000i\000x\000\040\000J\000.\0002}{appendix.K}% 56
\BOOKMARK [2][-]{subsection.K.3}{\376\377\000P\000r\000o\000o\000f\000\040\000o\000f\000\040\000l\000e\000m\000m\000a\000s\000\040\000i\000n\000\040\000A\000p\000p\000e\000n\000d\000i\000x\000\040\000J\000.\0003}{appendix.K}% 57
\BOOKMARK [1][-]{appendix.L}{\376\377\000P\000r\000o\000o\000f\000\040\000o\000f\000\040\000T\000h\000e\000o\000r\000e\000m\000\040\0002}{}% 58
\BOOKMARK [2][-]{subsection.L.1}{\376\377\000P\000r\000o\000o\000f\000\040\000p\000r\000e\000p\000a\000r\000a\000t\000i\000o\000n\000\040\000f\000o\000r\000\040\000T\000h\000e\000o\000r\000e\000m\000\040\0002}{appendix.L}% 59
\BOOKMARK [2][-]{subsection.L.2}{\376\377\000P\000r\000o\000o\000f\000\040\000o\000f\000\040\000T\000h\000e\000o\000r\000e\000m\000\040\0002}{appendix.L}% 60
\BOOKMARK [1][-]{appendix.M}{\376\377\000P\000r\000o\000o\000f\000\040\000o\000f\000\040\000T\000h\000e\000o\000r\000e\000m\000\040\0003}{}% 61
\BOOKMARK [2][-]{subsection.M.1}{\376\377\000N\000e\000c\000e\000s\000s\000a\000r\000y\000\040\000d\000e\000f\000i\000n\000i\000t\000i\000o\000n\000s}{appendix.M}% 62
\BOOKMARK [2][-]{subsection.M.2}{\376\377\000P\000r\000o\000o\000f\000\040\000o\000f\000\040\000T\000h\000e\000o\000r\000e\000m\000\040\0003}{appendix.M}% 63
\BOOKMARK [1][-]{appendix.N}{\376\377\000E\000x\000t\000e\000n\000s\000t\000i\000o\000n}{}% 64
\BOOKMARK [2][-]{subsection.N.1}{\376\377\000E\000x\000t\000e\000n\000s\000i\000o\000n\000\040\000t\000o\000\040\000m\000=\0001}{appendix.N}% 65
\BOOKMARK [2][-]{subsection.N.2}{\376\377\000E\000x\000t\000e\000n\000s\000i\000o\000n\000\040\000t\000o\000\040\000t\000e\000s\000t\000\040\000s\000t\000a\000t\000i\000s\000t\000i\000c\000s\000\040\000w\000i\000t\000h\000\040\000a\000u\000g\000m\000e\000n\000t\000a\000t\000i\000o\000n}{appendix.N}% 66
\BOOKMARK [2][-]{subsection.N.3}{\376\377\000E\000x\000t\000e\000n\000s\000i\000o\000n\000\040\000t\000o\000\040\000s\000e\000l\000e\000c\000t\000i\000o\000n\000\040\000w\000i\000t\000h\000\040\000n\000u\000i\000s\000a\000n\000c\000e\000\040\000p\000a\000r\000a\000m\000e\000t\000e\000r}{appendix.N}% 67
\BOOKMARK [2][-]{subsection.N.4}{\376\377\000E\000x\000t\000e\000n\000s\000i\000o\000n\000\040\000t\000o\000\040\000a\000d\000a\000p\000t\000i\000v\000e\000\040\000e\000x\000p\000e\000r\000i\000m\000e\000n\000t\000s\000\040\000w\000i\000t\000h\000\040\000s\000t\000o\000p\000p\000i\000n\000g\000\040\000t\000i\000m\000e}{appendix.N}% 68
\BOOKMARK [2][-]{subsection.N.5}{\376\377\000P\000r\000o\000o\000f\000\040\000o\000f\000\040\000L\000e\000m\000m\000a\000\040\0002\0007}{appendix.N}% 69
\BOOKMARK [1][-]{appendix.O}{\376\377\000A\000d\000d\000i\000t\000i\000o\000n\000a\000l\000\040\000s\000i\000m\000u\000l\000a\000t\000i\000o\000n\000\040\000r\000e\000s\000u\000l\000t\000s}{}% 70
\BOOKMARK [2][-]{subsection.O.1}{\376\377\000A\000d\000d\000i\000t\000i\000o\000n\000a\000l\000\040\000s\000i\000m\000u\000l\000a\000t\000i\000o\000n\000\040\000r\000e\000s\000u\000l\000t\000s\000\040\000w\000i\000t\000h\000\040\000-\000g\000r\000e\000e\000d\000y\000\040\000a\000l\000g\000o\000r\000i\000t\000h\000m}{appendix.O}% 71
\BOOKMARK [2][-]{subsection.O.2}{\376\377\000P\000o\000w\000e\000r\000\040\000c\000o\000m\000p\000a\000r\000i\000s\000o\000n\000:\000\040\000m\000=\0001\000/\0002\000\040\000v\000e\000r\000s\000u\000s\000\040\000m\000=\0001}{appendix.O}% 72
\BOOKMARK [1][-]{appendix.P}{\376\377\000A\000d\000d\000i\000t\000i\000o\000n\000a\000l\000\040\000s\000e\000m\000i\000-\000s\000y\000n\000t\000h\000e\000t\000i\000c\000\040\000d\000a\000t\000a\000\040\000a\000n\000a\000l\000y\000s\000i\000s\000\040\000r\000e\000s\000u\000l\000t\000s}{}% 73
